2025-02-20 02:17:21 - Usuario: Skidibidisigmaboytilininsanotoiletpomni - Acción: Inicio de sesión exitoso - Nivel: AVISO
2025-02-20 02:19:15 - Usuario: Skidibidisigmaboytilininsanotoiletpomni - Acción: Inicio de sesión exitoso - Nivel: AVISO
2025-02-20 02:21:09 - Usuario: Skidibidisigmaboytilininsanotoiletpomni - Acción: Inicio de sesión exitoso - Nivel: AVISO
2025-02-20 02:30:18 - Usuario: Skidibidisigmaboytilininsanotoiletpomni - Acción: Inicio de sesión exitoso - Nivel: AVISO
2025-02-20 02:39:32 - Usuario: Skidibidisigmaboytilininsanotoiletpomni - Acción: Eliminación de registro #13 - Nivel: MOVIMIENTO
2025-02-20 02:41:15 - Usuario: Skidibidisigmaboytilininsanotoiletpomni - Acción: Inicio de sesión exitoso - Nivel: AVISO
2025-02-20 02:41:25 - Usuario: Skidibidisigmaboytilininsanotoiletpomni - Acción: Eliminación de registro #15 - Nivel: MOVIMIENTO
2025-02-20 02:44:38 - Usuario: Skidibidisigmaboytilininsanotoiletpomni - Acción: Eliminación de registro #16 - Nivel: MOVIMIENTO
2025-02-20 02:58:54 - Usuario: Skidibidisigmaboytilininsanotoiletpomni - Acción: Inicio de sesión exitoso - Nivel: AVISO
2025-02-20 03:05:37 - Usuario: Skidibidisigmaboytilininsanotoiletpomni - Acción: Inicio de sesión exitoso - Nivel: AVISO
2025-02-20 04:09:07 - Usuario: Skidibidisigmaboytilininsanotoiletpomni - Acción: Inicio de sesión exitoso - Nivel: AVISO
2025-02-20 04:09:12 - Usuario: anónimo - Acción: Intento fallido de inicio de sesión - usuario: asf - Nivel: ATAQUE
2025-02-20 04:09:31 - Usuario: Skidibidisigmaboytilininsanotoiletpomni - Acción: Inicio de sesión exitoso - Nivel: AVISO
2025-02-20 04:10:03 - Usuario: Skidibidisigmaboytilininsanotoiletpomni - Acción: Eliminación de registro #22 - Nivel: MOVIMIENTO
2025-03-01 02:16:36 - Usuario: anónimo - Acción: Intento fallido de inicio de sesión - usuario: ADMIN001 - Nivel: ATAQUE
2025-03-01 02:17:34 - Usuario: Skidibidisigmaboytilininsanotoiletpomni - Acción: Inicio de sesión exitoso - Nivel: AVISO
2025-03-01 03:23:34 - Usuario: anónimo - Acción: Intento fallido de inicio de sesión - usuario: asd - Nivel: ATAQUE
2025-03-01 03:23:38 - Usuario: anónimo - Acción: Intento fallido de inicio de sesión - usuario: asd - Nivel: ATAQUE
2025-03-03 04:33:59 - Usuario: anónimo - Acción: Intento fallido de inicio de sesión - usuario: Skidibidisigmaboytilininsanotoiletpomni - Nivel: ATAQUE
2025-03-03 04:39:54 - Usuario: anónimo - Acción: Intento fallido de inicio de sesión - usuario: Skibidisigmapomni - Nivel: ATAQUE
2025-03-03 04:40:14 - Usuario: Skidibidisigmaboytilininsanotoiletpomni - Acción: Inicio de sesión exitoso - Nivel: AVISO
2025-03-03 04:41:13 - Usuario: Skidibidisigmaboytilininsanotoiletpomni - Acción: Eliminación de registro #1 - Nivel: MOVIMIENTO
2025-03-03 04:41:30 - Usuario: Skidibidisigmaboytilininsanotoiletpomni - Acción: Eliminación de registro #2 - Nivel: MOVIMIENTO
2025-03-03 04:41:31 - Usuario: Skidibidisigmaboytilininsanotoiletpomni - Acción: Eliminación de registro #3 - Nivel: MOVIMIENTO
2025-03-03 04:41:32 - Usuario: Skidibidisigmaboytilininsanotoiletpomni - Acción: Eliminación de registro #4 - Nivel: MOVIMIENTO
2025-03-03 04:41:33 - Usuario: Skidibidisigmaboytilininsanotoiletpomni - Acción: Eliminación de registro #5 - Nivel: MOVIMIENTO
2025-03-03 04:41:35 - Usuario: Skidibidisigmaboytilininsanotoiletpomni - Acción: Eliminación de registro #6 - Nivel: MOVIMIENTO
2025-03-03 04:42:20 - Usuario: Skidibidisigmaboytilininsanotoiletpomni - Acción: Eliminación de registro #32 - Nivel: MOVIMIENTO
2025-03-04 00:09:23 - Usuario: anónimo - Acción: Intento fallido de inicio de sesión - usuario: Skidibidisigmaboytilininsanotoiletpomni - Nivel: ATAQUE
2025-03-04 00:15:43 - Usuario: anónimo - Acción: Intento fallido de inicio de sesión - usuario: Skidibidisigmaboytilininsanotoiletpomni - Nivel: ATAQUE
2025-03-04 00:17:01 - Usuario: anónimo - Acción: Intento fallido de inicio de sesión - usuario: Skidibidisigmaboytilininsanotoiletpomni - Nivel: ATAQUE
2025-03-04 00:17:47 - Usuario: Skidibidisigmaboytilininsanotoiletpomni - Acción: Inicio de sesión exitoso - Nivel: AVISO
2025-03-04 00:18:07 - Usuario: Skidibidisigmaboytilininsanotoiletpomni - Acción: Eliminación de registro #45 - Nivel: MOVIMIENTO
2025-03-04 01:59:36 - Usuario: Skidibidisigmaboytilininsanotoiletpomni - Acción: Inicio de sesión exitoso - Nivel: AVISO
2025-03-04 02:39:48 - Usuario: Skidibidisigmaboytilininsanotoiletpomni - Acción: Inicio de sesión exitoso - Nivel: AVISO
2025-03-04 04:19:18 - Usuario: Skidibidisigmaboytilininsanotoiletpomni - Acción: Inicio de sesión exitoso - Nivel: AVISO
2025-03-04 04:19:43 - Usuario: Skidibidisigmaboytilininsanotoiletpomni - Acción: Eliminación de registro #49 - Nivel: MOVIMIENTO
2025-03-04 04:20:08 - Usuario: Skidibidisigmaboytilininsanotoiletpomni - Acción: Eliminación de registro #46 - Nivel: MOVIMIENTO
2025-03-04 04:20:19 - Usuario: anónimo - Acción: Intento fallido de inicio de sesión - usuario: Skidibidisigmaboytilininsanotoiletposdfmni - Nivel: ATAQUE
